This is pdfTeX, Version 3.141592653-2.6-1.40.25 (TeX Live 2023/Debian) (preloaded format=pdflatex 2025.10.18)  22 OCT 2025 23:00
entering extended mode
 restricted \write18 enabled.
 file:line:error style messages enabled.
 %&-line parsing enabled.
**/home/marcos/marcos/master/biomedical_signals/BS-Lab1/findPVCs.tex
(/home/marcos/marcos/master/biomedical_signals/BS-Lab1/findPVCs.tex
LaTeX2e <2023-11-01> patch level 1
L3 programming layer <2024-01-22>
(/usr/share/texlive/texmf-dist/tex/latex/base/article.cls
Document Class: article 2023/05/17 v1.4n Standard LaTeX document class
(/usr/share/texlive/texmf-dist/tex/latex/base/size10.clo
File: size10.clo 2023/05/17 v1.4n Standard LaTeX file (size option)
)
\c@part=\count187
\c@section=\count188
\c@subsection=\count189
\c@subsubsection=\count190
\c@paragraph=\count191
\c@subparagraph=\count192
\c@figure=\count193
\c@table=\count194
\abovecaptionskip=\skip48
\belowcaptionskip=\skip49
\bibindent=\dimen140
) (/usr/share/texlive/texmf-dist/tex/latex/base/inputenc.sty
Package: inputenc 2021/02/14 v1.3d Input encoding file
\inpenc@prehook=\toks17
\inpenc@posthook=\toks18
) (/usr/share/texlive/texmf-dist/tex/latex/base/fontenc.sty
Package: fontenc 2021/04/29 v2.0v Standard LaTeX package
) (/usr/share/texmf/tex/latex/lm/lmodern.sty
Package: lmodern 2015/05/01 v1.6.1 Latin Modern Fonts
LaTeX Font Info:    Overwriting symbol font `operators' in version `normal'
(Font)                  OT1/cmr/m/n --> OT1/lmr/m/n on input line 22.
LaTeX Font Info:    Overwriting symbol font `letters' in version `normal'
(Font)                  OML/cmm/m/it --> OML/lmm/m/it on input line 23.
LaTeX Font Info:    Overwriting symbol font `symbols' in version `normal'
(Font)                  OMS/cmsy/m/n --> OMS/lmsy/m/n on input line 24.
LaTeX Font Info:    Overwriting symbol font `largesymbols' in version `normal'
(Font)                  OMX/cmex/m/n --> OMX/lmex/m/n on input line 25.
LaTeX Font Info:    Overwriting symbol font `operators' in version `bold'
(Font)                  OT1/cmr/bx/n --> OT1/lmr/bx/n on input line 26.
LaTeX Font Info:    Overwriting symbol font `letters' in version `bold'
(Font)                  OML/cmm/b/it --> OML/lmm/b/it on input line 27.
LaTeX Font Info:    Overwriting symbol font `symbols' in version `bold'
(Font)                  OMS/cmsy/b/n --> OMS/lmsy/b/n on input line 28.
LaTeX Font Info:    Overwriting symbol font `largesymbols' in version `bold'
(Font)                  OMX/cmex/m/n --> OMX/lmex/m/n on input line 29.
LaTeX Font Info:    Overwriting math alphabet `\mathbf' in version `normal'
(Font)                  OT1/cmr/bx/n --> OT1/lmr/bx/n on input line 31.
LaTeX Font Info:    Overwriting math alphabet `\mathsf' in version `normal'
(Font)                  OT1/cmss/m/n --> OT1/lmss/m/n on input line 32.
LaTeX Font Info:    Overwriting math alphabet `\mathit' in version `normal'
(Font)                  OT1/cmr/m/it --> OT1/lmr/m/it on input line 33.
LaTeX Font Info:    Overwriting math alphabet `\mathtt' in version `normal'
(Font)                  OT1/cmtt/m/n --> OT1/lmtt/m/n on input line 34.
LaTeX Font Info:    Overwriting math alphabet `\mathbf' in version `bold'
(Font)                  OT1/cmr/bx/n --> OT1/lmr/bx/n on input line 35.
LaTeX Font Info:    Overwriting math alphabet `\mathsf' in version `bold'
(Font)                  OT1/cmss/bx/n --> OT1/lmss/bx/n on input line 36.
LaTeX Font Info:    Overwriting math alphabet `\mathit' in version `bold'
(Font)                  OT1/cmr/bx/it --> OT1/lmr/bx/it on input line 37.
LaTeX Font Info:    Overwriting math alphabet `\mathtt' in version `bold'
(Font)                  OT1/cmtt/m/n --> OT1/lmtt/m/n on input line 38.
) (/usr/share/texlive/texmf-dist/tex/latex/graphics/graphicx.sty
Package: graphicx 2021/09/16 v1.2d Enhanced LaTeX Graphics (DPC,SPQR)
 (/usr/share/texlive/texmf-dist/tex/latex/graphics/keyval.sty
Package: keyval 2022/05/29 v1.15 key=value parser (DPC)
\KV@toks@=\toks19
) (/usr/share/texlive/texmf-dist/tex/latex/graphics/graphics.sty
Package: graphics 2022/03/10 v1.4e Standard LaTeX Graphics (DPC,SPQR)
 (/usr/share/texlive/texmf-dist/tex/latex/graphics/trig.sty
Package: trig 2021/08/11 v1.11 sin cos tan (DPC)
) (/usr/share/texlive/texmf-dist/tex/latex/graphics-cfg/graphics.cfg
File: graphics.cfg 2016/06/04 v1.11 sample graphics configuration
)
Package graphics Info: Driver file: pdftex.def on input line 107.
 (/usr/share/texlive/texmf-dist/tex/latex/graphics-def/pdftex.def
File: pdftex.def 2022/09/22 v1.2b Graphics/color driver for pdftex
))
\Gin@req@height=\dimen141
\Gin@req@width=\dimen142
) (/usr/share/texlive/texmf-dist/tex/latex/graphics/color.sty
Package: color 2022/01/06 v1.3d Standard LaTeX Color (DPC)
 (/usr/share/texlive/texmf-dist/tex/latex/graphics-cfg/color.cfg
File: color.cfg 2016/01/02 v1.6 sample color configuration
)
Package color Info: Driver file: pdftex.def on input line 149.
 (/usr/share/texlive/texmf-dist/tex/latex/graphics/mathcolor.ltx)) (/usr/share/texlive/texmf-dist/tex/latex/hyperref/hyperref.sty
Package: hyperref 2024-01-20 v7.01h Hypertext links for LaTeX
 (/usr/share/texlive/texmf-dist/tex/generic/iftex/iftex.sty
Package: iftex 2022/02/03 v1.0f TeX engine tests
) (/usr/share/texlive/texmf-dist/tex/latex/kvsetkeys/kvsetkeys.sty
Package: kvsetkeys 2022-10-05 v1.19 Key value parser (HO)
) (/usr/share/texlive/texmf-dist/tex/generic/kvdefinekeys/kvdefinekeys.sty
Package: kvdefinekeys 2019-12-19 v1.6 Define keys (HO)
) (/usr/share/texlive/texmf-dist/tex/generic/pdfescape/pdfescape.sty
Package: pdfescape 2019/12/09 v1.15 Implements pdfTeX's escape features (HO)
 (/usr/share/texlive/texmf-dist/tex/generic/ltxcmds/ltxcmds.sty
Package: ltxcmds 2023-12-04 v1.26 LaTeX kernel commands for general use (HO)
) (/usr/share/texlive/texmf-dist/tex/generic/pdftexcmds/pdftexcmds.sty
Package: pdftexcmds 2020-06-27 v0.33 Utility functions of pdfTeX for LuaTeX (HO)
 (/usr/share/texlive/texmf-dist/tex/generic/infwarerr/infwarerr.sty
Package: infwarerr 2019/12/03 v1.5 Providing info/warning/error messages (HO)
)
Package pdftexcmds Info: \pdf@primitive is available.
Package pdftexcmds Info: \pdf@ifprimitive is available.
Package pdftexcmds Info: \pdfdraftmode found.
)) (/usr/share/texlive/texmf-dist/tex/latex/hycolor/hycolor.sty
Package: hycolor 2020-01-27 v1.10 Color options for hyperref/bookmark (HO)
) (/usr/share/texlive/texmf-dist/tex/latex/auxhook/auxhook.sty
Package: auxhook 2019-12-17 v1.6 Hooks for auxiliary files (HO)
) (/usr/share/texlive/texmf-dist/tex/latex/hyperref/nameref.sty
Package: nameref 2023-11-26 v2.56 Cross-referencing by name of section
 (/usr/share/texlive/texmf-dist/tex/latex/refcount/refcount.sty
Package: refcount 2019/12/15 v3.6 Data extraction from label references (HO)
) (/usr/share/texlive/texmf-dist/tex/generic/gettitlestring/gettitlestring.sty
Package: gettitlestring 2019/12/15 v1.6 Cleanup title references (HO)
 (/usr/share/texlive/texmf-dist/tex/latex/kvoptions/kvoptions.sty
Package: kvoptions 2022-06-15 v3.15 Key value format for package options (HO)
))
\c@section@level=\count195
) (/usr/share/texlive/texmf-dist/tex/latex/etoolbox/etoolbox.sty
Package: etoolbox 2020/10/05 v2.5k e-TeX tools for LaTeX (JAW)
\etb@tempcnta=\count196
)
\@linkdim=\dimen143
\Hy@linkcounter=\count197
\Hy@pagecounter=\count198
 (/usr/share/texlive/texmf-dist/tex/latex/hyperref/pd1enc.def
File: pd1enc.def 2024-01-20 v7.01h Hyperref: PDFDocEncoding definition (HO)
Now handling font encoding PD1 ...
... no UTF-8 mapping file for font encoding PD1
) (/usr/share/texlive/texmf-dist/tex/generic/intcalc/intcalc.sty
Package: intcalc 2019/12/15 v1.3 Expandable calculations with integers (HO)
)
\Hy@SavedSpaceFactor=\count199
 (/usr/share/texlive/texmf-dist/tex/latex/hyperref/puenc.def
File: puenc.def 2024-01-20 v7.01h Hyperref: PDF Unicode definition (HO)
Now handling font encoding PU ...
... no UTF-8 mapping file for font encoding PU
)
Package hyperref Info: Hyper figures OFF on input line 4179.
Package hyperref Info: Link nesting OFF on input line 4184.
Package hyperref Info: Hyper index ON on input line 4187.
Package hyperref Info: Plain pages OFF on input line 4194.
Package hyperref Info: Backreferencing OFF on input line 4199.
Package hyperref Info: Implicit mode ON; LaTeX internals redefined.
Package hyperref Info: Bookmarks ON on input line 4446.
\c@Hy@tempcnt=\count266
 (/usr/share/texlive/texmf-dist/tex/latex/url/url.sty
\Urlmuskip=\muskip16
Package: url 2013/09/16  ver 3.4  Verb mode for urls, etc.
)
LaTeX Info: Redefining \url on input line 4784.
\XeTeXLinkMargin=\dimen144
 (/usr/share/texlive/texmf-dist/tex/generic/bitset/bitset.sty
Package: bitset 2019/12/09 v1.3 Handle bit-vector datatype (HO)
 (/usr/share/texlive/texmf-dist/tex/generic/bigintcalc/bigintcalc.sty
Package: bigintcalc 2019/12/15 v1.5 Expandable calculations on big integers (HO)
))
\Fld@menulength=\count267
\Field@Width=\dimen145
\Fld@charsize=\dimen146
Package hyperref Info: Hyper figures OFF on input line 6063.
Package hyperref Info: Link nesting OFF on input line 6068.
Package hyperref Info: Hyper index ON on input line 6071.
Package hyperref Info: backreferencing OFF on input line 6078.
Package hyperref Info: Link coloring OFF on input line 6083.
Package hyperref Info: Link coloring with OCG OFF on input line 6088.
Package hyperref Info: PDF/A mode OFF on input line 6093.
 (/usr/share/texlive/texmf-dist/tex/latex/base/atbegshi-ltx.sty
Package: atbegshi-ltx 2021/01/10 v1.0c Emulation of the original atbegshi
package with kernel methods
)
\Hy@abspage=\count268
\c@Item=\count269
\c@Hfootnote=\count270
)
Package hyperref Info: Driver (autodetected): hpdftex.
 (/usr/share/texlive/texmf-dist/tex/latex/hyperref/hpdftex.def
File: hpdftex.def 2024-01-20 v7.01h Hyperref driver for pdfTeX
 (/usr/share/texlive/texmf-dist/tex/latex/base/atveryend-ltx.sty
Package: atveryend-ltx 2020/08/19 v1.0a Emulation of the original atveryend package
with kernel methods
)
\Fld@listcount=\count271
\c@bookmark@seq@number=\count272
 (/usr/share/texlive/texmf-dist/tex/latex/rerunfilecheck/rerunfilecheck.sty
Package: rerunfilecheck 2022-07-10 v1.10 Rerun checks for auxiliary files (HO)
 (/usr/share/texlive/texmf-dist/tex/generic/uniquecounter/uniquecounter.sty
Package: uniquecounter 2019/12/15 v1.4 Provide unlimited unique counter (HO)
)
Package uniquecounter Info: New unique counter `rerunfilecheck' on input line 285.
)
\Hy@SectionHShift=\skip50
) (/usr/share/texlive/texmf-dist/tex/latex/amsmath/amsmath.sty
Package: amsmath 2023/05/13 v2.17o AMS math features
\@mathmargin=\skip51

For additional information on amsmath, use the `?' option.
(/usr/share/texlive/texmf-dist/tex/latex/amsmath/amstext.sty
Package: amstext 2021/08/26 v2.01 AMS text
 (/usr/share/texlive/texmf-dist/tex/latex/amsmath/amsgen.sty
File: amsgen.sty 1999/11/30 v2.0 generic functions
\@emptytoks=\toks20
\ex@=\dimen147
)) (/usr/share/texlive/texmf-dist/tex/latex/amsmath/amsbsy.sty
Package: amsbsy 1999/11/29 v1.2d Bold Symbols
\pmbraise@=\dimen148
) (/usr/share/texlive/texmf-dist/tex/latex/amsmath/amsopn.sty
Package: amsopn 2022/04/08 v2.04 operator names
)
\inf@bad=\count273
LaTeX Info: Redefining \frac on input line 234.
\uproot@=\count274
\leftroot@=\count275
LaTeX Info: Redefining \overline on input line 399.
LaTeX Info: Redefining \colon on input line 410.
\classnum@=\count276
\DOTSCASE@=\count277
LaTeX Info: Redefining \ldots on input line 496.
LaTeX Info: Redefining \dots on input line 499.
LaTeX Info: Redefining \cdots on input line 620.
\Mathstrutbox@=\box51
\strutbox@=\box52
LaTeX Info: Redefining \big on input line 722.
LaTeX Info: Redefining \Big on input line 723.
LaTeX Info: Redefining \bigg on input line 724.
LaTeX Info: Redefining \Bigg on input line 725.
\big@size=\dimen149
LaTeX Font Info:    Redeclaring font encoding OML on input line 743.
LaTeX Font Info:    Redeclaring font encoding OMS on input line 744.
\macc@depth=\count278
LaTeX Info: Redefining \bmod on input line 905.
LaTeX Info: Redefining \pmod on input line 910.
LaTeX Info: Redefining \smash on input line 940.
LaTeX Info: Redefining \relbar on input line 970.
LaTeX Info: Redefining \Relbar on input line 971.
\c@MaxMatrixCols=\count279
\dotsspace@=\muskip17
\c@parentequation=\count280
\dspbrk@lvl=\count281
\tag@help=\toks21
\row@=\count282
\column@=\count283
\maxfields@=\count284
\andhelp@=\toks22
\eqnshift@=\dimen150
\alignsep@=\dimen151
\tagshift@=\dimen152
\tagwidth@=\dimen153
\totwidth@=\dimen154
\lineht@=\dimen155
\@envbody=\toks23
\multlinegap=\skip52
\multlinetaggap=\skip53
\mathdisplay@stack=\toks24
LaTeX Info: Redefining \[ on input line 2953.
LaTeX Info: Redefining \] on input line 2954.
) (/usr/share/texlive/texmf-dist/tex/latex/amsfonts/amsfonts.sty
Package: amsfonts 2013/01/14 v3.01 Basic AMSFonts support
\symAMSa=\mathgroup4
\symAMSb=\mathgroup5
LaTeX Font Info:    Redeclaring math symbol \hbar on input line 98.
LaTeX Font Info:    Overwriting math alphabet `\mathfrak' in version `bold'
(Font)                  U/euf/m/n --> U/euf/b/n on input line 106.
) (/usr/share/texlive/texmf-dist/tex/latex/epstopdf-pkg/epstopdf.sty
Package: epstopdf 2020-01-24 v2.11 Conversion with epstopdf on the fly (HO)
 (/usr/share/texlive/texmf-dist/tex/latex/grfext/grfext.sty
Package: grfext 2019/12/03 v1.3 Manage graphics extensions (HO)
) (/usr/share/texlive/texmf-dist/tex/latex/epstopdf-pkg/epstopdf-base.sty
Package: epstopdf-base 2020-01-24 v2.11 Base part for package epstopdf
Package epstopdf-base Info: Redefining graphics rule for `.eps' on input line 485.
Package grfext Info: Graphics extension search list:
(grfext)             [.pdf,.png,.jpg,.mps,.jpeg,.jbig2,.jb2,.PDF,.PNG,.JPG,.JPEG,.JBIG2,.JB2,.eps]
(grfext)             \AppendGraphicsExtensions on input line 504.
 (/usr/share/texlive/texmf-dist/tex/latex/latexconfig/epstopdf-sys.cfg
File: epstopdf-sys.cfg 2010/07/13 v1.3 Configuration of (r)epstopdf for TeX Live
))) (/usr/share/texlive/texmf-dist/tex/latex/xcolor/xcolor.sty
Package: xcolor 2023/11/15 v3.01 LaTeX color extensions (UK)
 (/usr/share/texlive/texmf-dist/tex/latex/graphics-cfg/color.cfg
File: color.cfg 2016/01/02 v1.6 sample color configuration
)
Package xcolor Info: Driver file: pdftex.def on input line 274.
LaTeX Info: Redefining \color on input line 758.
 (/usr/share/texlive/texmf-dist/tex/latex/graphics/mathcolor.ltx)
Package xcolor Info: Model `cmy' substituted by `cmy0' on input line 1350.
Package xcolor Info: Model `hsb' substituted by `rgb' on input line 1354.
Package xcolor Info: Model `RGB' extended on input line 1366.
Package xcolor Info: Model `HTML' substituted by `rgb' on input line 1368.
Package xcolor Info: Model `Hsb' substituted by `hsb' on input line 1369.
Package xcolor Info: Model `tHsb' substituted by `hsb' on input line 1370.
Package xcolor Info: Model `HSB' substituted by `hsb' on input line 1371.
Package xcolor Info: Model `Gray' substituted by `gray' on input line 1372.
Package xcolor Info: Model `wave' substituted by `hsb' on input line 1373.
) (/usr/share/texlive/texmf-dist/tex/latex/colortbl/colortbl.sty
Package: colortbl 2022/06/20 v1.0f Color table columns (DPC)
 (/usr/share/texlive/texmf-dist/tex/latex/tools/array.sty
Package: array 2023/10/16 v2.5g Tabular extension package (FMi)
\col@sep=\dimen156
\ar@mcellbox=\box53
\extrarowheight=\dimen157
\NC@list=\toks25
\extratabsurround=\skip54
\backup@length=\skip55
\ar@cellbox=\box54
)
\everycr=\toks26
\minrowclearance=\skip56
\rownum=\count285
) (./matlab.sty
Package: matlab 
 (/usr/share/texlive/texmf-dist/tex/latex/tools/verbatim.sty
Package: verbatim 2023-11-06 v1.5v LaTeX2e package for verbatim enhancements
\every@verbatim=\toks27
\verbatim@line=\toks28
\verbatim@in@stream=\read2
) (/usr/share/texlive/texmf-dist/tex/latex/fancyvrb/fancyvrb.sty
Package: fancyvrb 2024/01/20 4.5c verbatim text (tvz,hv)
\FV@CodeLineNo=\count286
\FV@InFile=\read3
\FV@TabBox=\box55
\c@FancyVerbLine=\count287
\FV@StepNumber=\count288
\FV@OutFile=\write3
) (/usr/share/texlive/texmf-dist/tex/latex/base/alltt.sty
Package: alltt 2021/01/29 v2.0g defines alltt environment
) (/usr/share/texlive/texmf-dist/tex/latex/upquote/upquote.sty
Package: upquote 2012/04/19 v1.3 upright-quote and grave-accent glyphs in verbatim
 (/usr/share/texlive/texmf-dist/tex/latex/base/textcomp.sty
Package: textcomp 2020/02/02 v2.0n Standard LaTeX package
)) (/usr/share/texlive/texmf-dist/tex/latex/mdframed/mdframed.sty
Package: mdframed 2013/07/01 1.9b: mdframed
 (/usr/share/texlive/texmf-dist/tex/latex/l3packages/xparse/xparse.sty (/usr/share/texlive/texmf-dist/tex/latex/l3kernel/expl3.sty
Package: expl3 2024-01-22 L3 programming layer (loader) 
 (/usr/share/texlive/texmf-dist/tex/latex/l3backend/l3backend-pdftex.def
File: l3backend-pdftex.def 2024-01-04 L3 backend support: PDF output (pdfTeX)
\l__color_backend_stack_int=\count289
\l__pdf_internal_box=\box56
))
Package: xparse 2023-10-10 L3 Experimental document command parser
) (/usr/share/texlive/texmf-dist/tex/latex/zref/zref-abspage.sty
Package: zref-abspage 2023-09-14 v2.35 Module abspage for zref (HO)
 (/usr/share/texlive/texmf-dist/tex/latex/zref/zref-base.sty
Package: zref-base 2023-09-14 v2.35 Module base for zref (HO)
 (/usr/share/texlive/texmf-dist/tex/generic/etexcmds/etexcmds.sty
Package: etexcmds 2019/12/15 v1.7 Avoid name clashes with e-TeX commands (HO)
)
Package zref Info: New property list: main on input line 767.
Package zref Info: New property: default on input line 768.
Package zref Info: New property: page on input line 769.
)
\c@abspage=\count290
Package zref Info: New property: abspage on input line 67.
) (/usr/share/texlive/texmf-dist/tex/latex/needspace/needspace.sty
Package: needspace 2010/09/12 v1.3d reserve vertical space
)
\mdf@templength=\skip57
\c@mdf@globalstyle@cnt=\count291
\mdf@skipabove@length=\skip58
\mdf@skipbelow@length=\skip59
\mdf@leftmargin@length=\skip60
\mdf@rightmargin@length=\skip61
\mdf@innerleftmargin@length=\skip62
\mdf@innerrightmargin@length=\skip63
\mdf@innertopmargin@length=\skip64
\mdf@innerbottommargin@length=\skip65
\mdf@splittopskip@length=\skip66
\mdf@splitbottomskip@length=\skip67
\mdf@outermargin@length=\skip68
\mdf@innermargin@length=\skip69
\mdf@linewidth@length=\skip70
\mdf@innerlinewidth@length=\skip71
\mdf@middlelinewidth@length=\skip72
\mdf@outerlinewidth@length=\skip73
\mdf@roundcorner@length=\skip74
\mdf@footenotedistance@length=\skip75
\mdf@userdefinedwidth@length=\skip76
\mdf@needspace@length=\skip77
\mdf@frametitleaboveskip@length=\skip78
\mdf@frametitlebelowskip@length=\skip79
\mdf@frametitlerulewidth@length=\skip80
\mdf@frametitleleftmargin@length=\skip81
\mdf@frametitlerightmargin@length=\skip82
\mdf@shadowsize@length=\skip83
\mdf@extratopheight@length=\skip84
\mdf@subtitleabovelinewidth@length=\skip85
\mdf@subtitlebelowlinewidth@length=\skip86
\mdf@subtitleaboveskip@length=\skip87
\mdf@subtitlebelowskip@length=\skip88
\mdf@subtitleinneraboveskip@length=\skip89
\mdf@subtitleinnerbelowskip@length=\skip90
\mdf@subsubtitleabovelinewidth@length=\skip91
\mdf@subsubtitlebelowlinewidth@length=\skip92
\mdf@subsubtitleaboveskip@length=\skip93
\mdf@subsubtitlebelowskip@length=\skip94
\mdf@subsubtitleinneraboveskip@length=\skip95
\mdf@subsubtitleinnerbelowskip@length=\skip96
 (/usr/share/texlive/texmf-dist/tex/latex/pgf/frontendlayer/tikz.sty (/usr/share/texlive/texmf-dist/tex/latex/pgf/basiclayer/pgf.sty (/usr/share/texlive/texmf-dist/tex/latex/pgf/utilities/pgfrcs.sty (/usr/share/texlive/texmf-dist/tex/generic/pgf/utilities/pgfutil-common.tex
\pgfutil@everybye=\toks29
\pgfutil@tempdima=\dimen158
\pgfutil@tempdimb=\dimen159
) (/usr/share/texlive/texmf-dist/tex/generic/pgf/utilities/pgfutil-latex.def
\pgfutil@abb=\box57
) (/usr/share/texlive/texmf-dist/tex/generic/pgf/utilities/pgfrcs.code.tex (/usr/share/texlive/texmf-dist/tex/generic/pgf/pgf.revision.tex)
Package: pgfrcs 2023-01-15 v3.1.10 (3.1.10)
))
Package: pgf 2023-01-15 v3.1.10 (3.1.10)
 (/usr/share/texlive/texmf-dist/tex/latex/pgf/basiclayer/pgfcore.sty (/usr/share/texlive/texmf-dist/tex/latex/pgf/systemlayer/pgfsys.sty (/usr/share/texlive/texmf-dist/tex/generic/pgf/systemlayer/pgfsys.code.tex
Package: pgfsys 2023-01-15 v3.1.10 (3.1.10)
 (/usr/share/texlive/texmf-dist/tex/generic/pgf/utilities/pgfkeys.code.tex
\pgfkeys@pathtoks=\toks30
\pgfkeys@temptoks=\toks31
 (/usr/share/texlive/texmf-dist/tex/generic/pgf/utilities/pgfkeyslibraryfiltered.code.tex
\pgfkeys@tmptoks=\toks32
))
\pgf@x=\dimen160
\pgf@y=\dimen161
\pgf@xa=\dimen162
\pgf@ya=\dimen163
\pgf@xb=\dimen164
\pgf@yb=\dimen165
\pgf@xc=\dimen166
\pgf@yc=\dimen167
\pgf@xd=\dimen168
\pgf@yd=\dimen169
\w@pgf@writea=\write4
\r@pgf@reada=\read4
\c@pgf@counta=\count292
\c@pgf@countb=\count293
\c@pgf@countc=\count294
\c@pgf@countd=\count295
\t@pgf@toka=\toks33
\t@pgf@tokb=\toks34
\t@pgf@tokc=\toks35
\pgf@sys@id@count=\count296
 (/usr/share/texlive/texmf-dist/tex/generic/pgf/systemlayer/pgf.cfg
File: pgf.cfg 2023-01-15 v3.1.10 (3.1.10)
)
Driver file for pgf: pgfsys-pdftex.def
 (/usr/share/texlive/texmf-dist/tex/generic/pgf/systemlayer/pgfsys-pdftex.def
File: pgfsys-pdftex.def 2023-01-15 v3.1.10 (3.1.10)
 (/usr/share/texlive/texmf-dist/tex/generic/pgf/systemlayer/pgfsys-common-pdf.def
File: pgfsys-common-pdf.def 2023-01-15 v3.1.10 (3.1.10)
))) (/usr/share/texlive/texmf-dist/tex/generic/pgf/systemlayer/pgfsyssoftpath.code.tex
File: pgfsyssoftpath.code.tex 2023-01-15 v3.1.10 (3.1.10)
\pgfsyssoftpath@smallbuffer@items=\count297
\pgfsyssoftpath@bigbuffer@items=\count298
) (/usr/share/texlive/texmf-dist/tex/generic/pgf/systemlayer/pgfsysprotocol.code.tex
File: pgfsysprotocol.code.tex 2023-01-15 v3.1.10 (3.1.10)
)) (/usr/share/texlive/texmf-dist/tex/generic/pgf/basiclayer/pgfcore.code.tex
Package: pgfcore 2023-01-15 v3.1.10 (3.1.10)
 (/usr/share/texlive/texmf-dist/tex/generic/pgf/math/pgfmath.code.tex (/usr/share/texlive/texmf-dist/tex/generic/pgf/math/pgfmathutil.code.tex) (/usr/share/texlive/texmf-dist/tex/generic/pgf/math/pgfmathparser.code.tex
\pgfmath@dimen=\dimen170
\pgfmath@count=\count299
\pgfmath@box=\box58
\pgfmath@toks=\toks36
\pgfmath@stack@operand=\toks37
\pgfmath@stack@operation=\toks38
) (/usr/share/texlive/texmf-dist/tex/generic/pgf/math/pgfmathfunctions.code.tex) (/usr/share/texlive/texmf-dist/tex/generic/pgf/math/pgfmathfunctions.basic.code.tex) (/usr/share/texlive/texmf-dist/tex/generic/pgf/math/pgfmathfunctions.trigonometric.code.tex) (/usr/share/texlive/texmf-dist/tex/generic/pgf/math/pgfmathfunctions.random.code.tex) (/usr/share/texlive/texmf-dist/tex/generic/pgf/math/pgfmathfunctions.comparison.code.tex) (/usr/share/texlive/texmf-dist/tex/generic/pgf/math/pgfmathfunctions.base.code.tex) (/usr/share/texlive/texmf-dist/tex/generic/pgf/math/pgfmathfunctions.round.code.tex) (/usr/share/texlive/texmf-dist/tex/generic/pgf/math/pgfmathfunctions.misc.code.tex) (/usr/share/texlive/texmf-dist/tex/generic/pgf/math/pgfmathfunctions.integerarithmetics.code.tex) (/usr/share/texlive/texmf-dist/tex/generic/pgf/math/pgfmathcalc.code.tex) (/usr/share/texlive/texmf-dist/tex/generic/pgf/math/pgfmathfloat.code.tex
\c@pgfmathroundto@lastzeros=\count300
)) (/usr/share/texlive/texmf-dist/tex/generic/pgf/math/pgfint.code.tex) (/usr/share/texlive/texmf-dist/tex/generic/pgf/basiclayer/pgfcorepoints.code.tex
File: pgfcorepoints.code.tex 2023-01-15 v3.1.10 (3.1.10)
\pgf@picminx=\dimen171
\pgf@picmaxx=\dimen172
\pgf@picminy=\dimen173
\pgf@picmaxy=\dimen174
\pgf@pathminx=\dimen175
\pgf@pathmaxx=\dimen176
\pgf@pathminy=\dimen177
\pgf@pathmaxy=\dimen178
\pgf@xx=\dimen179
\pgf@xy=\dimen180
\pgf@yx=\dimen181
\pgf@yy=\dimen182
\pgf@zx=\dimen183
\pgf@zy=\dimen184
) (/usr/share/texlive/texmf-dist/tex/generic/pgf/basiclayer/pgfcorepathconstruct.code.tex
File: pgfcorepathconstruct.code.tex 2023-01-15 v3.1.10 (3.1.10)
\pgf@path@lastx=\dimen185
\pgf@path@lasty=\dimen186
) (/usr/share/texlive/texmf-dist/tex/generic/pgf/basiclayer/pgfcorepathusage.code.tex
File: pgfcorepathusage.code.tex 2023-01-15 v3.1.10 (3.1.10)
\pgf@shorten@end@additional=\dimen187
\pgf@shorten@start@additional=\dimen188
) (/usr/share/texlive/texmf-dist/tex/generic/pgf/basiclayer/pgfcorescopes.code.tex
File: pgfcorescopes.code.tex 2023-01-15 v3.1.10 (3.1.10)
\pgfpic=\box59
\pgf@hbox=\box60
\pgf@layerbox@main=\box61
\pgf@picture@serial@count=\count301
) (/usr/share/texlive/texmf-dist/tex/generic/pgf/basiclayer/pgfcoregraphicstate.code.tex
File: pgfcoregraphicstate.code.tex 2023-01-15 v3.1.10 (3.1.10)
\pgflinewidth=\dimen189
) (/usr/share/texlive/texmf-dist/tex/generic/pgf/basiclayer/pgfcoretransformations.code.tex
File: pgfcoretransformations.code.tex 2023-01-15 v3.1.10 (3.1.10)
\pgf@pt@x=\dimen190
\pgf@pt@y=\dimen191
\pgf@pt@temp=\dimen192
) (/usr/share/texlive/texmf-dist/tex/generic/pgf/basiclayer/pgfcorequick.code.tex
File: pgfcorequick.code.tex 2023-01-15 v3.1.10 (3.1.10)
) (/usr/share/texlive/texmf-dist/tex/generic/pgf/basiclayer/pgfcoreobjects.code.tex
File: pgfcoreobjects.code.tex 2023-01-15 v3.1.10 (3.1.10)
) (/usr/share/texlive/texmf-dist/tex/generic/pgf/basiclayer/pgfcorepathprocessing.code.tex
File: pgfcorepathprocessing.code.tex 2023-01-15 v3.1.10 (3.1.10)
) (/usr/share/texlive/texmf-dist/tex/generic/pgf/basiclayer/pgfcorearrows.code.tex
File: pgfcorearrows.code.tex 2023-01-15 v3.1.10 (3.1.10)
\pgfarrowsep=\dimen193
) (/usr/share/texlive/texmf-dist/tex/generic/pgf/basiclayer/pgfcoreshade.code.tex
File: pgfcoreshade.code.tex 2023-01-15 v3.1.10 (3.1.10)
\pgf@max=\dimen194
\pgf@sys@shading@range@num=\count302
\pgf@shadingcount=\count303
) (/usr/share/texlive/texmf-dist/tex/generic/pgf/basiclayer/pgfcoreimage.code.tex
File: pgfcoreimage.code.tex 2023-01-15 v3.1.10 (3.1.10)
) (/usr/share/texlive/texmf-dist/tex/generic/pgf/basiclayer/pgfcoreexternal.code.tex
File: pgfcoreexternal.code.tex 2023-01-15 v3.1.10 (3.1.10)
\pgfexternal@startupbox=\box62
) (/usr/share/texlive/texmf-dist/tex/generic/pgf/basiclayer/pgfcorelayers.code.tex
File: pgfcorelayers.code.tex 2023-01-15 v3.1.10 (3.1.10)
) (/usr/share/texlive/texmf-dist/tex/generic/pgf/basiclayer/pgfcoretransparency.code.tex
File: pgfcoretransparency.code.tex 2023-01-15 v3.1.10 (3.1.10)
) (/usr/share/texlive/texmf-dist/tex/generic/pgf/basiclayer/pgfcorepatterns.code.tex
File: pgfcorepatterns.code.tex 2023-01-15 v3.1.10 (3.1.10)
) (/usr/share/texlive/texmf-dist/tex/generic/pgf/basiclayer/pgfcorerdf.code.tex
File: pgfcorerdf.code.tex 2023-01-15 v3.1.10 (3.1.10)
))) (/usr/share/texlive/texmf-dist/tex/generic/pgf/modules/pgfmoduleshapes.code.tex
File: pgfmoduleshapes.code.tex 2023-01-15 v3.1.10 (3.1.10)
\pgfnodeparttextbox=\box63
) (/usr/share/texlive/texmf-dist/tex/generic/pgf/modules/pgfmoduleplot.code.tex
File: pgfmoduleplot.code.tex 2023-01-15 v3.1.10 (3.1.10)
) (/usr/share/texlive/texmf-dist/tex/latex/pgf/compatibility/pgfcomp-version-0-65.sty
Package: pgfcomp-version-0-65 2023-01-15 v3.1.10 (3.1.10)
\pgf@nodesepstart=\dimen195
\pgf@nodesepend=\dimen196
) (/usr/share/texlive/texmf-dist/tex/latex/pgf/compatibility/pgfcomp-version-1-18.sty
Package: pgfcomp-version-1-18 2023-01-15 v3.1.10 (3.1.10)
)) (/usr/share/texlive/texmf-dist/tex/latex/pgf/utilities/pgffor.sty (/usr/share/texlive/texmf-dist/tex/latex/pgf/utilities/pgfkeys.sty (/usr/share/texlive/texmf-dist/tex/generic/pgf/utilities/pgfkeys.code.tex)) (/usr/share/texlive/texmf-dist/tex/latex/pgf/math/pgfmath.sty (/usr/share/texlive/texmf-dist/tex/generic/pgf/math/pgfmath.code.tex)) (/usr/share/texlive/texmf-dist/tex/generic/pgf/utilities/pgffor.code.tex
Package: pgffor 2023-01-15 v3.1.10 (3.1.10)
\pgffor@iter=\dimen197
\pgffor@skip=\dimen198
\pgffor@stack=\toks39
\pgffor@toks=\toks40
)) (/usr/share/texlive/texmf-dist/tex/generic/pgf/frontendlayer/tikz/tikz.code.tex
Package: tikz 2023-01-15 v3.1.10 (3.1.10)
 (/usr/share/texlive/texmf-dist/tex/generic/pgf/libraries/pgflibraryplothandlers.code.tex
File: pgflibraryplothandlers.code.tex 2023-01-15 v3.1.10 (3.1.10)
\pgf@plot@mark@count=\count304
\pgfplotmarksize=\dimen199
)
\tikz@lastx=\dimen256
\tikz@lasty=\dimen257
\tikz@lastxsaved=\dimen258
\tikz@lastysaved=\dimen259
\tikz@lastmovetox=\dimen260
\tikz@lastmovetoy=\dimen261
\tikzleveldistance=\dimen262
\tikzsiblingdistance=\dimen263
\tikz@figbox=\box64
\tikz@figbox@bg=\box65
\tikz@tempbox=\box66
\tikz@tempbox@bg=\box67
\tikztreelevel=\count305
\tikznumberofchildren=\count306
\tikznumberofcurrentchild=\count307
\tikz@fig@count=\count308
 (/usr/share/texlive/texmf-dist/tex/generic/pgf/modules/pgfmodulematrix.code.tex
File: pgfmodulematrix.code.tex 2023-01-15 v3.1.10 (3.1.10)
\pgfmatrixcurrentrow=\count309
\pgfmatrixcurrentcolumn=\count310
\pgf@matrix@numberofcolumns=\count311
)
\tikz@expandcount=\count312
 (/usr/share/texlive/texmf-dist/tex/generic/pgf/frontendlayer/tikz/libraries/tikzlibrarytopaths.code.tex
File: tikzlibrarytopaths.code.tex 2023-01-15 v3.1.10 (3.1.10)
))) (/usr/share/texlive/texmf-dist/tex/latex/mdframed/md-frame-1.mdf
File: md-frame-1.mdf 2013/07/01\ 1.9b: md-frame-1
)
\mdf@frametitlebox=\box68
\mdf@footnotebox=\box69
\mdf@splitbox@one=\box70
\mdf@splitbox@two=\box71
\mdf@splitbox@save=\box72
\mdfsplitboxwidth=\skip97
\mdfsplitboxtotalwidth=\skip98
\mdfsplitboxheight=\skip99
\mdfsplitboxdepth=\skip100
\mdfsplitboxtotalheight=\skip101
\mdfframetitleboxwidth=\skip102
\mdfframetitleboxtotalwidth=\skip103
\mdfframetitleboxheight=\skip104
\mdfframetitleboxdepth=\skip105
\mdfframetitleboxtotalheight=\skip106
\mdffootnoteboxwidth=\skip107
\mdffootnoteboxtotalwidth=\skip108
\mdffootnoteboxheight=\skip109
\mdffootnoteboxdepth=\skip110
\mdffootnoteboxtotalheight=\skip111
\mdftotallinewidth=\skip112
\mdfboundingboxwidth=\skip113
\mdfboundingboxtotalwidth=\skip114
\mdfboundingboxheight=\skip115
\mdfboundingboxdepth=\skip116
\mdfboundingboxtotalheight=\skip117
\mdf@freevspace@length=\skip118
\mdf@horizontalwidthofbox@length=\skip119
\mdf@verticalmarginwhole@length=\skip120
\mdf@horizontalspaceofbox=\skip121
\mdfsubtitleheight=\skip122
\mdfsubsubtitleheight=\skip123
\c@mdfcountframes=\count313

****** mdframed patching \endmdf@trivlist

****** -- success******

\mdf@envdepth=\count314
\c@mdf@env@i=\count315
\c@mdf@env@ii=\count316
\c@mdf@zref@counter=\count317
Package zref Info: New property: mdf@pagevalue on input line 895.
)
   defining Unicode char U+B0 (decimal 176)
   defining Unicode char U+21B5 (decimal 8629)
Package hyperref Info: Option `colorlinks' set `true' on input line 30.
\c@multititle=\count318
\c@hastoc=\count319
) (/usr/share/texlive/texmf-dist/tex/latex/geometry/geometry.sty
Package: geometry 2020/01/02 v5.9 Page Geometry
 (/usr/share/texlive/texmf-dist/tex/generic/iftex/ifvtex.sty
Package: ifvtex 2019/10/25 v1.7 ifvtex legacy package. Use iftex instead.
)
\Gm@cnth=\count320
\Gm@cntv=\count321
\c@Gm@tempcnt=\count322
\Gm@bindingoffset=\dimen264
\Gm@wd@mp=\dimen265
\Gm@odd@mp=\dimen266
\Gm@even@mp=\dimen267
\Gm@layoutwidth=\dimen268
\Gm@layoutheight=\dimen269
\Gm@layouthoffset=\dimen270
\Gm@layoutvoffset=\dimen271
\Gm@dimlist=\toks41
)
LaTeX Font Info:    Trying to load font information for T1+lmr on input line 23.
 (/usr/share/texmf/tex/latex/lm/t1lmr.fd
File: t1lmr.fd 2015/05/01 v1.6.1 Font defs for Latin Modern
) (./findPVCs.aux)
\openout1 = `findPVCs.aux'.

LaTeX Font Info:    Checking defaults for OML/cmm/m/it on input line 23.
LaTeX Font Info:    ... okay on input line 23.
LaTeX Font Info:    Checking defaults for OMS/cmsy/m/n on input line 23.
LaTeX Font Info:    ... okay on input line 23.
LaTeX Font Info:    Checking defaults for OT1/cmr/m/n on input line 23.
LaTeX Font Info:    ... okay on input line 23.
LaTeX Font Info:    Checking defaults for T1/cmr/m/n on input line 23.
LaTeX Font Info:    ... okay on input line 23.
LaTeX Font Info:    Checking defaults for TS1/cmr/m/n on input line 23.
LaTeX Font Info:    ... okay on input line 23.
LaTeX Font Info:    Checking defaults for OMX/cmex/m/n on input line 23.
LaTeX Font Info:    ... okay on input line 23.
LaTeX Font Info:    Checking defaults for U/cmr/m/n on input line 23.
LaTeX Font Info:    ... okay on input line 23.
LaTeX Font Info:    Checking defaults for PD1/pdf/m/n on input line 23.
LaTeX Font Info:    ... okay on input line 23.
LaTeX Font Info:    Checking defaults for PU/pdf/m/n on input line 23.
LaTeX Font Info:    ... okay on input line 23.
 (/usr/share/texlive/texmf-dist/tex/context/base/mkii/supp-pdf.mkii
[Loading MPS to PDF converter (version 2006.09.02).]
\scratchcounter=\count323
\scratchdimen=\dimen272
\scratchbox=\box73
\nofMPsegments=\count324
\nofMParguments=\count325
\everyMPshowfont=\toks42
\MPscratchCnt=\count326
\MPscratchDim=\dimen273
\MPnumerator=\count327
\makeMPintoPDFobject=\count328
\everyMPtoPDFconversion=\toks43
)
Package hyperref Info: Link coloring ON on input line 23.
 (./findPVCs.out) (./findPVCs.out)
\@outlinefile=\write5
\openout5 = `findPVCs.out'.


*geometry* driver: auto-detecting
*geometry* detected driver: pdftex
*geometry* verbose mode - [ preamble ] result:
* driver: pdftex
* paper: custom
* layout: <same size as paper>
* layoutoffset:(h,v)=(0.0pt,0.0pt)
* modes: heightrounded 
* h-part:(L,W,R)=(72.0pt, 470.0pt, 72.0pt)
* v-part:(T,H,B)=(72.0pt, 651.0pt, 72.0pt)
* \paperwidth=614.0pt
* \paperheight=795.0pt
* \textwidth=470.0pt
* \textheight=646.0pt
* \oddsidemargin=-0.26999pt
* \evensidemargin=-0.26999pt
* \topmargin=-37.26999pt
* \headheight=12.0pt
* \headsep=25.0pt
* \topskip=10.0pt
* \footskip=30.0pt
* \marginparwidth=65.0pt
* \marginparsep=11.0pt
* \columnsep=10.0pt
* \skip\footins=9.0pt plus 4.0pt minus 2.0pt
* \hoffset=0.0pt
* \voffset=0.0pt
* \mag=1000
* \@twocolumnfalse
* \@twosidefalse
* \@mparswitchfalse
* \@reversemarginfalse
* (1in=72.27pt=25.4mm, 1cm=28.453pt)

LaTeX Font Info:    Trying to load font information for OT1+lmr on input line 35.
(/usr/share/texmf/tex/latex/lm/ot1lmr.fd
File: ot1lmr.fd 2015/05/01 v1.6.1 Font defs for Latin Modern
)
LaTeX Font Info:    Trying to load font information for OML+lmm on input line 35.
 (/usr/share/texmf/tex/latex/lm/omllmm.fd
File: omllmm.fd 2015/05/01 v1.6.1 Font defs for Latin Modern
)
LaTeX Font Info:    Trying to load font information for OMS+lmsy on input line 35.
 (/usr/share/texmf/tex/latex/lm/omslmsy.fd
File: omslmsy.fd 2015/05/01 v1.6.1 Font defs for Latin Modern
)
LaTeX Font Info:    Trying to load font information for OMX+lmex on input line 35.
 (/usr/share/texmf/tex/latex/lm/omxlmex.fd
File: omxlmex.fd 2015/05/01 v1.6.1 Font defs for Latin Modern
)
LaTeX Font Info:    External font `lmex10' loaded for size
(Font)              <10> on input line 35.
LaTeX Font Info:    External font `lmex10' loaded for size
(Font)              <7> on input line 35.
LaTeX Font Info:    External font `lmex10' loaded for size
(Font)              <5> on input line 35.
LaTeX Font Info:    Trying to load font information for U+msa on input line 35.
 (/usr/share/texlive/texmf-dist/tex/latex/amsfonts/umsa.fd
File: umsa.fd 2013/01/14 v3.01 AMS symbols A
)
LaTeX Font Info:    Trying to load font information for U+msb on input line 35.
 (/usr/share/texlive/texmf-dist/tex/latex/amsfonts/umsb.fd
File: umsb.fd 2013/01/14 v3.01 AMS symbols B
)
LaTeX Font Info:    Trying to load font information for T1+lmtt on input line 35.
 (/usr/share/texmf/tex/latex/lm/t1lmtt.fd
File: t1lmtt.fd 2015/05/01 v1.6.1 Font defs for Latin Modern
)
LaTeX Font Info:    Trying to load font information for TS1+lmtt on input line 37.
 (/usr/share/texmf/tex/latex/lm/ts1lmtt.fd
File: ts1lmtt.fd 2015/05/01 v1.6.1 Font defs for Latin Modern
)
<./findPVCs_media/image_0.png, id=7, 1606.0pt x 871.255pt>
File: ./findPVCs_media/image_0.png Graphic file (type png)
<use ./findPVCs_media/image_0.png>
Package pdftex.def Info: ./findPVCs_media/image_0.png  used on input line 71.
(pdftex.def)             Requested size: 470.0pt x 254.97069pt.
 [1

{/var/lib/texmf/fonts/map/pdftex/updmap/pdftex.map}{/usr/share/texmf/fonts/enc/dvips/lm/lm-ec.enc}{/usr/share/texmf/fonts/enc/dvips/lm/lm-ts1.enc} <./findPVCs_media/image_0.png>]
Package mdframed Info: Not enough space on this page on input line 106.
Package epstopdf Info: Source file: <./findPVCs_media/figure_0.eps>
(epstopdf)                    date: 2025-10-22 22:55:23
(epstopdf)                    size: 5530 bytes
(epstopdf)             Output file: <./figure_0-eps-converted-to.pdf>
(epstopdf)                    date: 2025-10-22 23:00:37
(epstopdf)                    size: 9194 bytes
(epstopdf)             Command: <repstopdf --outfile=./figure_0-eps-converted-to.pdf ./findPVCs_media/figure_0.eps>
(epstopdf)             \includegraphics on input line 108.
Package epstopdf Info: Output file is already uptodate.
<./figure_0-eps-converted-to.pdf, id=25, 421.575pt x 253.94875pt>
File: ./figure_0-eps-converted-to.pdf Graphic file (type pdf)
<use ./figure_0-eps-converted-to.pdf>
Package pdftex.def Info: ./figure_0-eps-converted-to.pdf  used on input line 108.
(pdftex.def)             Requested size: 470.0pt x 283.12642pt.
LaTeX Font Info:    Trying to load font information for TS1+lmr on input line 127.
 (/usr/share/texmf/tex/latex/lm/ts1lmr.fd
File: ts1lmr.fd 2015/05/01 v1.6.1 Font defs for Latin Modern
) [2 <./figure_0-eps-converted-to.pdf>]
Package epstopdf Info: Source file: <./findPVCs_media/figure_1.eps>
(epstopdf)                    date: 2025-10-22 22:55:22
(epstopdf)                    size: 73722 bytes
(epstopdf)             Output file: <./figure_1-eps-converted-to.pdf>
(epstopdf)                    date: 2025-10-22 23:00:38
(epstopdf)                    size: 33146 bytes
(epstopdf)             Command: <repstopdf --outfile=./figure_1-eps-converted-to.pdf ./findPVCs_media/figure_1.eps>
(epstopdf)             \includegraphics on input line 150.
Package epstopdf Info: Output file is already uptodate.
<./figure_1-eps-converted-to.pdf, id=38, 421.575pt x 253.94875pt>
File: ./figure_1-eps-converted-to.pdf Graphic file (type pdf)
<use ./figure_1-eps-converted-to.pdf>
Package pdftex.def Info: ./figure_1-eps-converted-to.pdf  used on input line 150.
(pdftex.def)             Requested size: 470.0pt x 283.12642pt.
 [3 <./figure_1-eps-converted-to.pdf>]
Package epstopdf Info: Source file: <./findPVCs_media/figure_2.eps>
(epstopdf)                    date: 2025-10-22 22:55:22
(epstopdf)                    size: 92961 bytes
(epstopdf)             Output file: <./figure_2-eps-converted-to.pdf>
(epstopdf)                    date: 2025-10-22 23:00:38
(epstopdf)                    size: 51610 bytes
(epstopdf)             Command: <repstopdf --outfile=./figure_2-eps-converted-to.pdf ./findPVCs_media/figure_2.eps>
(epstopdf)             \includegraphics on input line 205.
Package epstopdf Info: Output file is already uptodate.
<./figure_2-eps-converted-to.pdf, id=57, 421.575pt x 253.94875pt>
File: ./figure_2-eps-converted-to.pdf Graphic file (type pdf)
<use ./figure_2-eps-converted-to.pdf>
Package pdftex.def Info: ./figure_2-eps-converted-to.pdf  used on input line 205.
(pdftex.def)             Requested size: 470.0pt x 283.12642pt.
 [4 <./figure_2-eps-converted-to.pdf>]
<./findPVCs_media/image_1.png, id=71, 1701.35625pt x 1083.04625pt>
File: ./findPVCs_media/image_1.png Graphic file (type png)
<use ./findPVCs_media/image_1.png>
Package pdftex.def Info: ./findPVCs_media/image_1.png  used on input line 222.
(pdftex.def)             Requested size: 470.0pt x 299.1855pt.


Package mdframed Warning: You got a bad break
(mdframed)                because the last box will be empty
(mdframed)                you have to change it manually
(mdframed)                by changing the text, the space
(mdframed)                or something else on input line 246.

[5 <./findPVCs_media/image_1.png>]
Package epstopdf Info: Source file: <./findPVCs_media/figure_3.eps>
(epstopdf)                    date: 2025-10-22 22:55:21
(epstopdf)                    size: 92960 bytes
(epstopdf)             Output file: <./figure_3-eps-converted-to.pdf>
(epstopdf)                    date: 2025-10-22 23:00:39
(epstopdf)                    size: 51565 bytes
(epstopdf)             Command: <repstopdf --outfile=./figure_3-eps-converted-to.pdf ./findPVCs_media/figure_3.eps>
(epstopdf)             \includegraphics on input line 248.
Package epstopdf Info: Output file is already uptodate.
<./figure_3-eps-converted-to.pdf, id=77, 421.575pt x 253.94875pt>
File: ./figure_3-eps-converted-to.pdf Graphic file (type pdf)
<use ./figure_3-eps-converted-to.pdf>
Package pdftex.def Info: ./figure_3-eps-converted-to.pdf  used on input line 248.
(pdftex.def)             Requested size: 470.0pt x 283.12642pt.
Package epstopdf Info: Source file: <./findPVCs_media/figure_4.eps>
(epstopdf)                    date: 2025-10-22 22:55:21
(epstopdf)                    size: 112000 bytes
(epstopdf)             Output file: <./figure_4-eps-converted-to.pdf>
(epstopdf)                    date: 2025-10-22 23:00:39
(epstopdf)                    size: 62726 bytes
(epstopdf)             Command: <repstopdf --outfile=./figure_4-eps-converted-to.pdf ./findPVCs_media/figure_4.eps>
(epstopdf)             \includegraphics on input line 283.
Package epstopdf Info: Output file is already uptodate.
<./figure_4-eps-converted-to.pdf, id=78, 421.575pt x 253.94875pt>
File: ./figure_4-eps-converted-to.pdf Graphic file (type pdf)
<use ./figure_4-eps-converted-to.pdf>
Package pdftex.def Info: ./figure_4-eps-converted-to.pdf  used on input line 283.
(pdftex.def)             Requested size: 470.0pt x 283.12642pt.
 [6 <./figure_3-eps-converted-to.pdf>] [7 <./figure_4-eps-converted-to.pdf>]
Package epstopdf Info: Source file: <./findPVCs_media/figure_5.eps>
(epstopdf)                    date: 2025-10-22 22:55:21
(epstopdf)                    size: 72105 bytes
(epstopdf)             Output file: <./figure_5-eps-converted-to.pdf>
(epstopdf)                    date: 2025-10-22 23:00:39
(epstopdf)                    size: 41615 bytes
(epstopdf)             Command: <repstopdf --outfile=./figure_5-eps-converted-to.pdf ./findPVCs_media/figure_5.eps>
(epstopdf)             \includegraphics on input line 325.
Package epstopdf Info: Output file is already uptodate.
<./figure_5-eps-converted-to.pdf, id=109, 421.575pt x 253.94875pt>
File: ./figure_5-eps-converted-to.pdf Graphic file (type pdf)
<use ./figure_5-eps-converted-to.pdf>
Package pdftex.def Info: ./figure_5-eps-converted-to.pdf  used on input line 325.
(pdftex.def)             Requested size: 470.0pt x 283.12642pt.
 [8 <./figure_5-eps-converted-to.pdf>]
Package epstopdf Info: Source file: <./findPVCs_media/figure_6.eps>
(epstopdf)                    date: 2025-10-22 22:55:20
(epstopdf)                    size: 36510 bytes
(epstopdf)             Output file: <./figure_6-eps-converted-to.pdf>
(epstopdf)                    date: 2025-10-22 23:00:40
(epstopdf)                    size: 27959 bytes
(epstopdf)             Command: <repstopdf --outfile=./figure_6-eps-converted-to.pdf ./findPVCs_media/figure_6.eps>
(epstopdf)             \includegraphics on input line 372.
Package epstopdf Info: Output file is already uptodate.
<./figure_6-eps-converted-to.pdf, id=124, 421.575pt x 253.94875pt>
File: ./figure_6-eps-converted-to.pdf Graphic file (type pdf)
<use ./figure_6-eps-converted-to.pdf>
Package pdftex.def Info: ./figure_6-eps-converted-to.pdf  used on input line 372.
(pdftex.def)             Requested size: 470.0pt x 283.12642pt.
 [9 <./figure_6-eps-converted-to.pdf>]
Package epstopdf Info: Source file: <./findPVCs_media/figure_7.eps>
(epstopdf)                    date: 2025-10-22 22:55:16
(epstopdf)                    size: 123182 bytes
(epstopdf)             Output file: <./figure_7-eps-converted-to.pdf>
(epstopdf)                    date: 2025-10-22 23:00:40
(epstopdf)                    size: 65272 bytes
(epstopdf)             Command: <repstopdf --outfile=./figure_7-eps-converted-to.pdf ./findPVCs_media/figure_7.eps>
(epstopdf)             \includegraphics on input line 418.
Package epstopdf Info: Output file is already uptodate.
<./figure_7-eps-converted-to.pdf, id=138, 421.575pt x 253.94875pt>
File: ./figure_7-eps-converted-to.pdf Graphic file (type pdf)
<use ./figure_7-eps-converted-to.pdf>
Package pdftex.def Info: ./figure_7-eps-converted-to.pdf  used on input line 418.
(pdftex.def)             Requested size: 470.0pt x 283.12642pt.
<./findPVCs_media/image_2.png, id=139, 700.11563pt x 447.92343pt>
File: ./findPVCs_media/image_2.png Graphic file (type png)
<use ./findPVCs_media/image_2.png>
Package pdftex.def Info: ./findPVCs_media/image_2.png  used on input line 438.
(pdftex.def)             Requested size: 470.0pt x 300.70175pt.
 [10 <./figure_7-eps-converted-to.pdf>]
Package epstopdf Info: Source file: <./findPVCs_media/figure_8.eps>
(epstopdf)                    date: 2025-10-22 22:55:17
(epstopdf)                    size: 36083 bytes
(epstopdf)             Output file: <./figure_8-eps-converted-to.pdf>
(epstopdf)                    date: 2025-10-22 23:00:40
(epstopdf)                    size: 27088 bytes
(epstopdf)             Command: <repstopdf --outfile=./figure_8-eps-converted-to.pdf ./findPVCs_media/figure_8.eps>
(epstopdf)             \includegraphics on input line 477.
Package epstopdf Info: Output file is already uptodate.
<./figure_8-eps-converted-to.pdf, id=153, 421.575pt x 253.94875pt>
File: ./figure_8-eps-converted-to.pdf Graphic file (type pdf)
<use ./figure_8-eps-converted-to.pdf>
Package pdftex.def Info: ./figure_8-eps-converted-to.pdf  used on input line 477.
(pdftex.def)             Requested size: 470.0pt x 283.12642pt.
 [11 <./findPVCs_media/image_2.png (PNG copy)>]
Overfull \hbox (3.29868pt too wide) in paragraph at lines 491--491
[]\T1/lmtt/m/n/10 [b_iir,a_iir] = butter(4, freq_limit/(fs/2), \TS1/lmtt/m/n/10 '\T1/lmtt/m/n/10 high\TS1/lmtt/m/n/10 '\T1/lmtt/m/n/10 ); % 4th-order highpass Butterworth[] 
 []


Overfull \hbox (13.79865pt too wide) in paragraph at lines 494--494
[]\T1/lmtt/m/n/10 ecg_iir_single = filter(b_iir, a_iir, ecgff);    % single pass (causes phase distortion)[] 
 []


Overfull \hbox (40.04857pt too wide) in paragraph at lines 500--500
[]\T1/lmtt/m/n/10 plot(time(samples_to_plot), ecgff(samples_to_plot), \TS1/lmtt/m/n/10 '\T1/lmtt/m/n/10 DisplayName\TS1/lmtt/m/n/10 '\T1/lmtt/m/n/10 ,\TS1/lmtt/m/n/10 '\T1/lmtt/m/n/10 original ecgff\TS1/lmtt/m/n/10 '\T1/lmtt/m/n/10 ); hold on;[] 
 []


Overfull \hbox (76.79846pt too wide) in paragraph at lines 501--501
[]\T1/lmtt/m/n/10 plot(time(samples_to_plot), ecg_iir_single(samples_to_plot), \TS1/lmtt/m/n/10 '\T1/lmtt/m/n/10 --\TS1/lmtt/m/n/10 '\T1/lmtt/m/n/10 , \TS1/lmtt/m/n/10 '\T1/lmtt/m/n/10 DisplayName\TS1/lmtt/m/n/10 '\T1/lmtt/m/n/10 ,\TS1/lmtt/m/n/10 '\T1/lmtt/m/n/10 IIR single-pass\TS1/lmtt/m/n/10 '\T1/lmtt/m/n/10 );[] 
 []


Overfull \hbox (139.79828pt too wide) in paragraph at lines 502--502
[]\T1/lmtt/m/n/10 plot(time(samples_to_plot), ecg_iir_filtfilt(samples_to_plot), \TS1/lmtt/m/n/10 '\T1/lmtt/m/n/10 -.\TS1/lmtt/m/n/10 '\T1/lmtt/m/n/10 , \TS1/lmtt/m/n/10 '\T1/lmtt/m/n/10 DisplayName\TS1/lmtt/m/n/10 '\T1/lmtt/m/n/10 ,\TS1/lmtt/m/n/10 '\T1/lmtt/m/n/10 IIR filtfilt (zero-phase)\TS1/lmtt/m/n/10 '\T1/lmtt/m/n/10 );[] 
 []

Package epstopdf Info: Source file: <./findPVCs_media/figure_9.eps>
(epstopdf)                    date: 2025-10-22 22:55:17
(epstopdf)                    size: 53199 bytes
(epstopdf)             Output file: <./figure_9-eps-converted-to.pdf>
(epstopdf)                    date: 2025-10-22 23:00:41
(epstopdf)                    size: 36541 bytes
(epstopdf)             Command: <repstopdf --outfile=./figure_9-eps-converted-to.pdf ./findPVCs_media/figure_9.eps>
(epstopdf)             \includegraphics on input line 508.
Package epstopdf Info: Output file is already uptodate.
<./figure_9-eps-converted-to.pdf, id=159, 421.575pt x 253.94875pt>
File: ./figure_9-eps-converted-to.pdf Graphic file (type pdf)
<use ./figure_9-eps-converted-to.pdf>
Package pdftex.def Info: ./figure_9-eps-converted-to.pdf  used on input line 508.
(pdftex.def)             Requested size: 470.0pt x 283.12642pt.
[12 <./figure_8-eps-converted-to.pdf>]
Underfull \hbox (badness 10000) in paragraph at lines 526--528

 []

Package epstopdf Info: Source file: <./findPVCs_media/figure_10.eps>
(epstopdf)                    date: 2025-10-22 22:55:18
(epstopdf)                    size: 14310 bytes
(epstopdf)             Output file: <./figure_10-eps-converted-to.pdf>
(epstopdf)                    date: 2025-10-22 23:00:41
(epstopdf)                    size: 14552 bytes
(epstopdf)             Command: <repstopdf --outfile=./figure_10-eps-converted-to.pdf ./findPVCs_media/figure_10.eps>
(epstopdf)             \includegraphics on input line 547.
Package epstopdf Info: Output file is already uptodate.
<./figure_10-eps-converted-to.pdf, id=173, 421.575pt x 253.94875pt>
File: ./figure_10-eps-converted-to.pdf Graphic file (type pdf)
<use ./figure_10-eps-converted-to.pdf>
Package pdftex.def Info: ./figure_10-eps-converted-to.pdf  used on input line 547.
(pdftex.def)             Requested size: 470.0pt x 283.12642pt.
[13 <./figure_9-eps-converted-to.pdf>]
Overfull \hbox (13.79865pt too wide) in paragraph at lines 578--578
[]\T1/lmtt/m/n/10 fprintf(\TS1/lmtt/m/n/10 '\T1/lmtt/m/n/10 T-band energy reduction (dB): single-pass = %.2f dB, filtfilt = %.2f dB\n\TS1/lmtt/m/n/10 '\T1/lmtt/m/n/10 , ...[] 
 []


Overfull \hbox (13.79865pt too wide) in paragraph at lines 579--579
[]    \T1/lmtt/m/n/10 10*log10(single_T_energy/orig_T_energy), 10*log10(filtfilt_T_energy/orig_T_energy));[] 
 []


Overfull \hbox (3.29868pt too wide) in paragraph at lines 586--586
[]\T1/lmtt/m/n/10 %% FIR comparison: start with order 4, then sweep orders to match filtfilt attenuation[] 
 []


Overfull \hbox (8.54866pt too wide) in paragraph at lines 587--587
[]\T1/lmtt/m/n/10 orders = [4 8 16 32 64 128 256 512]; % pick candidates; adjust to your computation time[] 
 []

[14 <./figure_10-eps-converted-to.pdf>]
Package mdframed Info: Not enough space on this page on input line 615.

Overfull \hbox (171.29819pt too wide) in paragraph at lines 628--628
[]\T1/lmtt/m/n/10 fprintf(\TS1/lmtt/m/n/10 '\T1/lmtt/m/n/10 Best matching FIR order: %d (reduction %.2f dB, diff %.2f dB)\n\TS1/lmtt/m/n/10 '\T1/lmtt/m/n/10 , best_order, best_fir_reduction, best_diff);[] 
 []


Overfull \hbox (8.54866pt too wide) in paragraph at lines 637--637
[]\T1/lmtt/m/n/10 plot(time(samples_to_plot), ecgff(samples_to_plot), \TS1/lmtt/m/n/10 '\T1/lmtt/m/n/10 DisplayName\TS1/lmtt/m/n/10 '\T1/lmtt/m/n/10 ,\TS1/lmtt/m/n/10 '\T1/lmtt/m/n/10 original\TS1/lmtt/m/n/10 '\T1/lmtt/m/n/10 ); hold on;[] 
 []


Overfull \hbox (71.54848pt too wide) in paragraph at lines 638--638
[]\T1/lmtt/m/n/10 plot(time(samples_to_plot), ecg_iir_filtfilt(samples_to_plot), \TS1/lmtt/m/n/10 '\T1/lmtt/m/n/10 --\TS1/lmtt/m/n/10 '\T1/lmtt/m/n/10 , \TS1/lmtt/m/n/10 '\T1/lmtt/m/n/10 DisplayName\TS1/lmtt/m/n/10 '\T1/lmtt/m/n/10 ,\TS1/lmtt/m/n/10 '\T1/lmtt/m/n/10 IIR filtfilt\TS1/lmtt/m/n/10 '\T1/lmtt/m/n/10 );[] 
 []


Overfull \hbox (166.0482pt too wide) in paragraph at lines 639--639
[]\T1/lmtt/m/n/10 plot(time(samples_to_plot), best_ecg_fir(samples_to_plot), \TS1/lmtt/m/n/10 '\T1/lmtt/m/n/10 -.\TS1/lmtt/m/n/10 '\T1/lmtt/m/n/10 , \TS1/lmtt/m/n/10 '\T1/lmtt/m/n/10 DisplayName\TS1/lmtt/m/n/10 '\T1/lmtt/m/n/10 , sprintf(\TS1/lmtt/m/n/10 '\T1/lmtt/m/n/10 FIR order %d\TS1/lmtt/m/n/10 '\T1/lmtt/m/n/10 , best_order));[] 
 []

Package epstopdf Info: Source file: <./findPVCs_media/figure_11.eps>
(epstopdf)                    date: 2025-10-22 22:55:19
(epstopdf)                    size: 53595 bytes
(epstopdf)             Output file: <./figure_11-eps-converted-to.pdf>
(epstopdf)                    date: 2025-10-22 23:00:41
(epstopdf)                    size: 37838 bytes
(epstopdf)             Command: <repstopdf --outfile=./figure_11-eps-converted-to.pdf ./findPVCs_media/figure_11.eps>
(epstopdf)             \includegraphics on input line 645.
Package epstopdf Info: Output file is already uptodate.
<./figure_11-eps-converted-to.pdf, id=201, 421.575pt x 253.94875pt>
File: ./figure_11-eps-converted-to.pdf Graphic file (type pdf)
<use ./figure_11-eps-converted-to.pdf>
Package pdftex.def Info: ./figure_11-eps-converted-to.pdf  used on input line 645.
(pdftex.def)             Requested size: 470.0pt x 283.12642pt.
[15]
Package epstopdf Info: Source file: <./findPVCs_media/figure_12.eps>
(epstopdf)                    date: 2025-10-22 22:55:20
(epstopdf)                    size: 14328 bytes
(epstopdf)             Output file: <./figure_12-eps-converted-to.pdf>
(epstopdf)                    date: 2025-10-22 23:00:42
(epstopdf)                    size: 14593 bytes
(epstopdf)             Command: <repstopdf --outfile=./figure_12-eps-converted-to.pdf ./findPVCs_media/figure_12.eps>
(epstopdf)             \includegraphics on input line 666.
Package epstopdf Info: Output file is already uptodate.
<./figure_12-eps-converted-to.pdf, id=206, 421.575pt x 253.94875pt>
File: ./figure_12-eps-converted-to.pdf Graphic file (type pdf)
<use ./figure_12-eps-converted-to.pdf>
Package pdftex.def Info: ./figure_12-eps-converted-to.pdf  used on input line 666.
(pdftex.def)             Requested size: 470.0pt x 283.12642pt.
 [16 <./figure_11-eps-converted-to.pdf>] [17 <./figure_12-eps-converted-to.pdf>] (./findPVCs.aux)
 ***********
LaTeX2e <2023-11-01> patch level 1
L3 programming layer <2024-01-22>
 ***********
Package rerunfilecheck Info: File `findPVCs.out' has not changed.
(rerunfilecheck)             Checksum: D41D8CD98F00B204E9800998ECF8427E;0.
 ) 
Here is how much of TeX's memory you used:
 22620 strings out of 476106
 424616 string characters out of 5793932
 1938975 words of memory out of 5000000
 44167 multiletter control sequences out of 15000+600000
 594318 words of font info for 63 fonts, out of 8000000 for 9000
 59 hyphenation exceptions out of 8191
 119i,10n,123p,843b,1078s stack positions out of 10000i,1000n,20000p,200000b,200000s
</usr/share/texmf/fonts/type1/public/lm/lmbx10.pfb></usr/share/texmf/fonts/type1/public/lm/lmbx12.pfb></usr/share/texmf/fonts/type1/public/lm/lmr10.pfb></usr/share/texmf/fonts/type1/public/lm/lmri10.pfb></usr/share/texmf/fonts/type1/public/lm/lmtt10.pfb>
Output written on findPVCs.pdf (17 pages, 2229051 bytes).
PDF statistics:
 268 PDF objects out of 1000 (max. 8388607)
 190 compressed objects within 2 object streams
 34 named destinations out of 1000 (max. 500000)
 93 words of extra memory for PDF output out of 10000 (max. 10000000)

